G:\PROJECT\CANVASX2\CANVASX2\DEBUG\CANVASX2.PCH
G:\PROJECT\CANVASX2\CANVASX2\DEBUG\STDAFX.OBJ
G:\PROJECT\CANVASX2\CANVASX2\DEBUG\VC110.PDB
G:\PROJECT\CANVASX2\CANVASX2\DEBUG\CANVASX2.OBJ
G:\PROJECT\CANVASX2\CANVASX2\DEBUG\CANVASX2DOC.OBJ
G:\PROJECT\CANVASX2\CANVASX2\DEBUG\CANVASX2VIEW.OBJ
G:\PROJECT\CANVASX2\CANVASX2\DEBUG\CRIGHT.OBJ
G:\PROJECT\CANVASX2\CANVASX2\DEBUG\MAINFRM.OBJ
G:\PROJECT\CANVASX2\CANVASX2\DEBUG\NUM.OBJ
G:\PROJECT\CANVASX2\CANVASX2\DEBUG\RIGHTDLG.OBJ
G:\PROJECT\CANVASX2\CANVASX2\DEBUG\RIGHT.OBJ
G:\PROJECT\CANVASX2\DEBUG\CANVASX2.ILK
G:\PROJECT\CANVASX2\DEBUG\CANVASX2.EXE
G:\PROJECT\CANVASX2\DEBUG\CANVASX2.PDB
G:\PROJECT\CANVASX2\CANVASX2\DEBUG\CANVASX2.RES
G:\project\CanvasX2\CanvasX2\Debug\CanvasX2.obj
G:\project\CanvasX2\CanvasX2\Debug\CanvasX2Doc.obj
G:\project\CanvasX2\CanvasX2\Debug\CanvasX2View.obj
G:\project\CanvasX2\CanvasX2\Debug\Cright.obj
G:\project\CanvasX2\CanvasX2\Debug\MainFrm.obj
G:\project\CanvasX2\CanvasX2\Debug\Num.obj
G:\project\CanvasX2\CanvasX2\Debug\RIGHT.obj
G:\project\CanvasX2\CanvasX2\Debug\RightDlg.obj
G:\project\CanvasX2\CanvasX2\Debug\stdafx.obj
G:\project\CanvasX2\CanvasX2\Debug\cl.command.1.tlog
G:\project\CanvasX2\CanvasX2\Debug\CL.read.1.tlog
G:\project\CanvasX2\CanvasX2\Debug\CL.write.1.tlog
G:\project\CanvasX2\CanvasX2\Debug\link-cvtres.read.1.tlog
G:\project\CanvasX2\CanvasX2\Debug\link-cvtres.write.1.tlog
G:\project\CanvasX2\CanvasX2\Debug\link-mt.read.1.tlog
G:\project\CanvasX2\CanvasX2\Debug\link-mt.write.1.tlog
G:\project\CanvasX2\CanvasX2\Debug\link-rc.read.1.tlog
G:\project\CanvasX2\CanvasX2\Debug\link-rc.write.1.tlog
G:\project\CanvasX2\CanvasX2\Debug\link.1280-cvtres.read.1.tlog
G:\project\CanvasX2\CanvasX2\Debug\link.1280-cvtres.write.1.tlog
G:\project\CanvasX2\CanvasX2\Debug\link.1280-mt.read.1.tlog
G:\project\CanvasX2\CanvasX2\Debug\link.1280-mt.write.1.tlog
G:\project\CanvasX2\CanvasX2\Debug\link.1280-rc.read.1.tlog
G:\project\CanvasX2\CanvasX2\Debug\link.1280-rc.write.1.tlog
G:\project\CanvasX2\CanvasX2\Debug\link.1280.read.1.tlog
G:\project\CanvasX2\CanvasX2\Debug\link.1280.write.1.tlog
G:\project\CanvasX2\CanvasX2\Debug\link.3288-cvtres.read.1.tlog
G:\project\CanvasX2\CanvasX2\Debug\link.3288-cvtres.write.1.tlog
G:\project\CanvasX2\CanvasX2\Debug\link.3288-mt.read.1.tlog
G:\project\CanvasX2\CanvasX2\Debug\link.3288-mt.write.1.tlog
G:\project\CanvasX2\CanvasX2\Debug\link.3288-rc.read.1.tlog
G:\project\CanvasX2\CanvasX2\Debug\link.3288-rc.write.1.tlog
G:\project\CanvasX2\CanvasX2\Debug\link.3288.read.1.tlog
G:\project\CanvasX2\CanvasX2\Debug\link.3288.write.1.tlog
G:\project\CanvasX2\CanvasX2\Debug\link.4156-cvtres.read.1.tlog
G:\project\CanvasX2\CanvasX2\Debug\link.4156-cvtres.write.1.tlog
G:\project\CanvasX2\CanvasX2\Debug\link.4156-mt.read.1.tlog
G:\project\CanvasX2\CanvasX2\Debug\link.4156-mt.write.1.tlog
G:\project\CanvasX2\CanvasX2\Debug\link.4156-rc.read.1.tlog
G:\project\CanvasX2\CanvasX2\Debug\link.4156-rc.write.1.tlog
G:\project\CanvasX2\CanvasX2\Debug\link.4156.read.1.tlog
G:\project\CanvasX2\CanvasX2\Debug\link.4156.write.1.tlog
G:\project\CanvasX2\CanvasX2\Debug\link.4212-cvtres.read.1.tlog
G:\project\CanvasX2\CanvasX2\Debug\link.4212-cvtres.write.1.tlog
G:\project\CanvasX2\CanvasX2\Debug\link.4212-mt.read.1.tlog
G:\project\CanvasX2\CanvasX2\Debug\link.4212-mt.write.1.tlog
G:\project\CanvasX2\CanvasX2\Debug\link.4212-rc.read.1.tlog
G:\project\CanvasX2\CanvasX2\Debug\link.4212-rc.write.1.tlog
G:\project\CanvasX2\CanvasX2\Debug\link.4212.read.1.tlog
G:\project\CanvasX2\CanvasX2\Debug\link.4212.write.1.tlog
G:\project\CanvasX2\CanvasX2\Debug\link.4688-cvtres.read.1.tlog
G:\project\CanvasX2\CanvasX2\Debug\link.4688-cvtres.write.1.tlog
G:\project\CanvasX2\CanvasX2\Debug\link.4688-mt.read.1.tlog
G:\project\CanvasX2\CanvasX2\Debug\link.4688-mt.write.1.tlog
G:\project\CanvasX2\CanvasX2\Debug\link.4688-rc.read.1.tlog
G:\project\CanvasX2\CanvasX2\Debug\link.4688-rc.write.1.tlog
G:\project\CanvasX2\CanvasX2\Debug\link.4688.read.1.tlog
G:\project\CanvasX2\CanvasX2\Debug\link.4688.write.1.tlog
G:\project\CanvasX2\CanvasX2\Debug\link.5112-cvtres.read.1.tlog
G:\project\CanvasX2\CanvasX2\Debug\link.5112-cvtres.write.1.tlog
G:\project\CanvasX2\CanvasX2\Debug\link.5112-mt.read.1.tlog
G:\project\CanvasX2\CanvasX2\Debug\link.5112-mt.write.1.tlog
G:\project\CanvasX2\CanvasX2\Debug\link.5112-rc.read.1.tlog
G:\project\CanvasX2\CanvasX2\Debug\link.5112-rc.write.1.tlog
G:\project\CanvasX2\CanvasX2\Debug\link.5112.read.1.tlog
G:\project\CanvasX2\CanvasX2\Debug\link.5112.write.1.tlog
G:\project\CanvasX2\CanvasX2\Debug\link.5584-cvtres.read.1.tlog
G:\project\CanvasX2\CanvasX2\Debug\link.5584-cvtres.write.1.tlog
G:\project\CanvasX2\CanvasX2\Debug\link.5584-mt.read.1.tlog
G:\project\CanvasX2\CanvasX2\Debug\link.5584-mt.write.1.tlog
G:\project\CanvasX2\CanvasX2\Debug\link.5584-rc.read.1.tlog
G:\project\CanvasX2\CanvasX2\Debug\link.5584-rc.write.1.tlog
G:\project\CanvasX2\CanvasX2\Debug\link.5584.read.1.tlog
G:\project\CanvasX2\CanvasX2\Debug\link.5584.write.1.tlog
G:\project\CanvasX2\CanvasX2\Debug\link.6184-cvtres.read.1.tlog
G:\project\CanvasX2\CanvasX2\Debug\link.6184-cvtres.write.1.tlog
G:\project\CanvasX2\CanvasX2\Debug\link.6184-mt.read.1.tlog
G:\project\CanvasX2\CanvasX2\Debug\link.6184-mt.write.1.tlog
G:\project\CanvasX2\CanvasX2\Debug\link.6184-rc.read.1.tlog
G:\project\CanvasX2\CanvasX2\Debug\link.6184-rc.write.1.tlog
G:\project\CanvasX2\CanvasX2\Debug\link.6184.read.1.tlog
G:\project\CanvasX2\CanvasX2\Debug\link.6184.write.1.tlog
G:\project\CanvasX2\CanvasX2\Debug\link.6836-cvtres.read.1.tlog
G:\project\CanvasX2\CanvasX2\Debug\link.6836-cvtres.write.1.tlog
G:\project\CanvasX2\CanvasX2\Debug\link.6836-mt.read.1.tlog
G:\project\CanvasX2\CanvasX2\Debug\link.6836-mt.write.1.tlog
G:\project\CanvasX2\CanvasX2\Debug\link.6836-rc.read.1.tlog
G:\project\CanvasX2\CanvasX2\Debug\link.6836-rc.write.1.tlog
G:\project\CanvasX2\CanvasX2\Debug\link.6836.read.1.tlog
G:\project\CanvasX2\CanvasX2\Debug\link.6836.write.1.tlog
G:\project\CanvasX2\CanvasX2\Debug\link.command.1.tlog
G:\project\CanvasX2\CanvasX2\Debug\link.read.1.tlog
G:\project\CanvasX2\CanvasX2\Debug\link.write.1.tlog
G:\project\CanvasX2\CanvasX2\Debug\rc.command.1.tlog
G:\project\CanvasX2\CanvasX2\Debug\rc.read.1.tlog
G:\project\CanvasX2\CanvasX2\Debug\rc.write.1.tlog
G:\project\CanvasX2\CanvasX2\Debug\CanvasX2.res
G:\project\CanvasX2\CanvasX2\Debug\CanvasX2.pch
G:\project\CanvasX2\CanvasX2\Debug\vc110.idb
G:\project\CanvasX2\CanvasX2\Debug\vc110.pdb
G:\project\CanvasX2\Debug\CanvasX2.pdb
G:\project\CanvasX2\Debug\CanvasX2.exe
G:\project\CanvasX2\Debug\CanvasX2.ilk
